<?xml version="1.0" encoding="UTF-8"?>
<testng-results ignored="0" total="4" passed="3" failed="1" skipped="0">
  <reporter-output>
  </reporter-output>
  <suite started-at="2021-10-28T19:15:54 IST" name="Default suite" finished-at="2021-10-28T19:17:05 IST" duration-ms="71177">
    <groups>
      <group name="sanity">
        <method signature="LoginTests.withValidUserNameAndPassword()[pri:1, instance:com.hrm.login.tests.LoginTests@635eaaf1]" name="withValidUserNameAndPassword" class="com.hrm.login.tests.LoginTests"/>
      </group> <!-- sanity -->
    </groups>
    <test started-at="2021-10-28T19:15:54 IST" name="Default test" finished-at="2021-10-28T19:17:05 IST" duration-ms="71177">
      <class name="com.hrm.login.tests.LoginTests">
        <test-method is-config="true" signature="setup()[pri:0, instance:com.hrm.login.tests.LoginTests@635eaaf1]" started-at="2021-10-28T19:15:54 IST" name="setup" finished-at="2021-10-28T19:15:55 IST" duration-ms="498" status="PASS">
          <reporter-output>
          </reporter-output>
        </test-method> <!-- setup -->
        <test-method is-config="true" signature="beforeMethod(java.lang.String)[pri:0, instance:com.hrm.login.tests.LoginTests@635eaaf1]" started-at="2021-10-28T19:15:55 IST" name="beforeMethod" finished-at="2021-10-28T19:16:13 IST" duration-ms="17970" status="PASS">
          <params>
            <param index="0">
              <value>
                <![CDATA[firefox]]>
              </value>
            </param>
          </params>
          <reporter-output>
          </reporter-output>
        </test-method> <!-- beforeMethod -->
        <test-method signature="withValidUserNameAndPassword()[pri:1, instance:com.hrm.login.tests.LoginTests@635eaaf1]" started-at="2021-10-28T19:16:13 IST" name="withValidUserNameAndPassword" finished-at="2021-10-28T19:16:16 IST" duration-ms="3480" status="PASS">
          <reporter-output>
          </reporter-output>
        </test-method> <!-- withValidUserNameAndPassword -->
        <test-method is-config="true" signature="afterMethod(org.testng.ITestResult)[pri:0, instance:com.hrm.login.tests.LoginTests@635eaaf1]" started-at="2021-10-28T19:16:16 IST" name="afterMethod" finished-at="2021-10-28T19:16:18 IST" duration-ms="1465" status="PASS">
          <params>
            <param index="0">
              <value>
                <![CDATA[[TestResult name=withValidUserNameAndPassword status=SUCCESS method=LoginTests.withValidUserNameAndPassword()[pri:1, instance:com.hrm.login.tests.LoginTests@635eaaf1] output={null}]]]>
              </value>
            </param>
          </params>
          <reporter-output>
          </reporter-output>
        </test-method> <!-- afterMethod -->
        <test-method is-config="true" signature="beforeMethod(java.lang.String)[pri:0, instance:com.hrm.login.tests.LoginTests@635eaaf1]" started-at="2021-10-28T19:16:18 IST" name="beforeMethod" finished-at="2021-10-28T19:16:31 IST" duration-ms="13295" status="PASS">
          <params>
            <param index="0">
              <value>
                <![CDATA[firefox]]>
              </value>
            </param>
          </params>
          <reporter-output>
          </reporter-output>
        </test-method> <!-- beforeMethod -->
        <test-method signature="withInvalidUserNameAndPassword()[pri:2, instance:com.hrm.login.tests.LoginTests@635eaaf1]" started-at="2021-10-28T19:16:31 IST" name="withInvalidUserNameAndPassword" finished-at="2021-10-28T19:16:32 IST" duration-ms="1355" status="PASS">
          <reporter-output>
          </reporter-output>
        </test-method> <!-- withInvalidUserNameAndPassword -->
        <test-method is-config="true" signature="afterMethod(org.testng.ITestResult)[pri:0, instance:com.hrm.login.tests.LoginTests@635eaaf1]" started-at="2021-10-28T19:16:32 IST" name="afterMethod" finished-at="2021-10-28T19:16:34 IST" duration-ms="1323" status="PASS">
          <params>
            <param index="0">
              <value>
                <![CDATA[[TestResult name=withInvalidUserNameAndPassword status=SUCCESS method=LoginTests.withInvalidUserNameAndPassword()[pri:2, instance:com.hrm.login.tests.LoginTests@635eaaf1] output={null}]]]>
              </value>
            </param>
          </params>
          <reporter-output>
          </reporter-output>
        </test-method> <!-- afterMethod -->
        <test-method is-config="true" signature="beforeMethod(java.lang.String)[pri:0, instance:com.hrm.login.tests.LoginTests@635eaaf1]" started-at="2021-10-28T19:16:34 IST" name="beforeMethod" finished-at="2021-10-28T19:16:46 IST" duration-ms="12054" status="PASS">
          <params>
            <param index="0">
              <value>
                <![CDATA[firefox]]>
              </value>
            </param>
          </params>
          <reporter-output>
          </reporter-output>
        </test-method> <!-- beforeMethod -->
        <test-method signature="withvalidUserNameAndInvalidPassword()[pri:3, instance:com.hrm.login.tests.LoginTests@635eaaf1]" started-at="2021-10-28T19:16:46 IST" name="withvalidUserNameAndInvalidPassword" finished-at="2021-10-28T19:16:47 IST" duration-ms="1514" status="FAIL">
          <exception class="java.lang.AssertionError">
            <full-stacktrace>
              <![CDATA[java.lang.AssertionError
at com.hrm.login.tests.LoginTests.withvalidUserNameAndInvalidPassword(LoginTests.java:107)
at java.base/jdk.internal.reflect.NativeMethodAccessorImpl.invoke0(Native Method)
at java.base/jdk.internal.reflect.NativeMethodAccessorImpl.invoke(NativeMethodAccessorImpl.java:62)
at java.base/jdk.internal.reflect.DelegatingMethodAccessorImpl.invoke(DelegatingMethodAccessorImpl.java:43)
at java.base/java.lang.reflect.Method.invoke(Method.java:566)
at org.testng.internal.MethodInvocationHelper.invokeMethod(MethodInvocationHelper.java:133)
at org.testng.internal.TestInvoker.invokeMethod(TestInvoker.java:598)
at org.testng.internal.TestInvoker.invokeTestMethod(TestInvoker.java:173)
at org.testng.internal.MethodRunner.runInSequence(MethodRunner.java:46)
at org.testng.internal.TestInvoker$MethodInvocationAgent.invoke(TestInvoker.java:824)
at org.testng.internal.TestInvoker.invokeTestMethods(TestInvoker.java:146)
at org.testng.internal.TestMethodWorker.invokeTestMethods(TestMethodWorker.java:146)
at org.testng.internal.TestMethodWorker.run(TestMethodWorker.java:128)
at java.base/java.util.ArrayList.forEach(ArrayList.java:1541)
at org.testng.TestRunner.privateRun(TestRunner.java:794)
at org.testng.TestRunner.run(TestRunner.java:596)
at org.testng.SuiteRunner.runTest(SuiteRunner.java:377)
at org.testng.SuiteRunner.runSequentially(SuiteRunner.java:371)
at org.testng.SuiteRunner.privateRun(SuiteRunner.java:332)
at org.testng.SuiteRunner.run(SuiteRunner.java:276)
at org.testng.SuiteRunnerWorker.runSuite(SuiteRunnerWorker.java:53)
at org.testng.SuiteRunnerWorker.run(SuiteRunnerWorker.java:96)
at org.testng.TestNG.runSuitesSequentially(TestNG.java:1212)
at org.testng.TestNG.runSuitesLocally(TestNG.java:1134)
at org.testng.TestNG.runSuites(TestNG.java:1063)
at org.testng.TestNG.run(TestNG.java:1031)
at org.testng.remote.AbstractRemoteTestNG.run(AbstractRemoteTestNG.java:115)
at org.testng.remote.RemoteTestNG.initAndRun(RemoteTestNG.java:251)
at org.testng.remote.RemoteTestNG.main(RemoteTestNG.java:77)
]]>
            </full-stacktrace>
          </exception> <!-- java.lang.AssertionError -->
          <reporter-output>
          </reporter-output>
        </test-method> <!-- withvalidUserNameAndInvalidPassword -->
        <test-method is-config="true" signature="afterMethod(org.testng.ITestResult)[pri:0, instance:com.hrm.login.tests.LoginTests@635eaaf1]" started-at="2021-10-28T19:16:47 IST" name="afterMethod" finished-at="2021-10-28T19:16:49 IST" duration-ms="1583" status="PASS">
          <params>
            <param index="0">
              <value>
                <![CDATA[[TestResult name=withvalidUserNameAndInvalidPassword status=FAILURE method=LoginTests.withvalidUserNameAndInvalidPassword()[pri:3, instance:com.hrm.login.tests.LoginTests@635eaaf1] output={null}]]]>
              </value>
            </param>
          </params>
          <reporter-output>
          </reporter-output>
        </test-method> <!-- afterMethod -->
        <test-method is-config="true" signature="beforeMethod(java.lang.String)[pri:0, instance:com.hrm.login.tests.LoginTests@635eaaf1]" started-at="2021-10-28T19:16:49 IST" name="beforeMethod" finished-at="2021-10-28T19:17:02 IST" duration-ms="13097" status="PASS">
          <params>
            <param index="0">
              <value>
                <![CDATA[firefox]]>
              </value>
            </param>
          </params>
          <reporter-output>
          </reporter-output>
        </test-method> <!-- beforeMethod -->
        <test-method signature="withInvalidUserNameAndValidPassword()[pri:4, instance:com.hrm.login.tests.LoginTests@635eaaf1]" started-at="2021-10-28T19:17:02 IST" name="withInvalidUserNameAndValidPassword" finished-at="2021-10-28T19:17:03 IST" duration-ms="1396" status="PASS">
          <reporter-output>
          </reporter-output>
        </test-method> <!-- withInvalidUserNameAndValidPassword -->
        <test-method is-config="true" signature="afterMethod(org.testng.ITestResult)[pri:0, instance:com.hrm.login.tests.LoginTests@635eaaf1]" started-at="2021-10-28T19:17:03 IST" name="afterMethod" finished-at="2021-10-28T19:17:05 IST" duration-ms="1457" status="PASS">
          <params>
            <param index="0">
              <value>
                <![CDATA[[TestResult name=withInvalidUserNameAndValidPassword status=SUCCESS method=LoginTests.withInvalidUserNameAndValidPassword()[pri:4, instance:com.hrm.login.tests.LoginTests@635eaaf1] output={null}]]]>
              </value>
            </param>
          </params>
          <reporter-output>
          </reporter-output>
        </test-method> <!-- afterMethod -->
        <test-method is-config="true" signature="teardown()[pri:0, instance:com.hrm.login.tests.LoginTests@635eaaf1]" started-at="2021-10-28T19:17:05 IST" name="teardown" finished-at="2021-10-28T19:17:05 IST" duration-ms="583" status="PASS">
          <reporter-output>
          </reporter-output>
        </test-method> <!-- teardown -->
      </class> <!-- com.hrm.login.tests.LoginTests -->
    </test> <!-- Default test -->
  </suite> <!-- Default suite -->
</testng-results>
